This is pdfTeX, Version 3.14159265-2.6-1.40.16 (TeX Live 2015/Debian) (preloaded format=pdflatex 2017.4.29)  8 MAY 2017 12:42
entering extended mode
 restricted \write18 enabled.
 %&-line parsing enabled.
**second_sem.tex
(./second_sem.tex
LaTeX2e <2015/01/01>
Babel <3.9l> and hyphenation patterns for 79 languages loaded.
(/usr/share/texlive/texmf-dist/tex/latex/base/report.cls
Document Class: report 2014/09/29 v1.4h Standard LaTeX document class
(/usr/share/texlive/texmf-dist/tex/latex/base/size12.clo
File: size12.clo 2014/09/29 v1.4h Standard LaTeX file (size option)
)
\c@part=\count79
\c@chapter=\count80
\c@section=\count81
\c@subsection=\count82
\c@subsubsection=\count83
\c@paragraph=\count84
\c@subparagraph=\count85
\c@figure=\count86
\c@table=\count87
\abovecaptionskip=\skip41
\belowcaptionskip=\skip42
\bibindent=\dimen102
)
(/usr/share/texlive/texmf-dist/tex/generic/babel/babel.sty
Package: babel 2014/09/25 3.9l The Babel package

(/usr/share/texlive/texmf-dist/tex/generic/babel-english/english.ldf
Language: english 2012/08/20 v3.3p English support from the babel system

(/usr/share/texlive/texmf-dist/tex/generic/babel/babel.def
File: babel.def 2014/09/25 3.9l Babel common definitions
\babel@savecnt=\count88
\U@D=\dimen103
)
\l@canadian = a dialect from \language\l@american 
\l@australian = a dialect from \language\l@british 
\l@newzealand = a dialect from \language\l@british 
))
(/usr/share/texlive/texmf-dist/tex/latex/amsmath/amsmath.sty
Package: amsmath 2013/01/14 v2.14 AMS math features
\@mathmargin=\skip43

For additional information on amsmath, use the `?' option.
(/usr/share/texlive/texmf-dist/tex/latex/amsmath/amstext.sty
Package: amstext 2000/06/29 v2.01

(/usr/share/texlive/texmf-dist/tex/latex/amsmath/amsgen.sty
File: amsgen.sty 1999/11/30 v2.0
\@emptytoks=\toks14
\ex@=\dimen104
))
(/usr/share/texlive/texmf-dist/tex/latex/amsmath/amsbsy.sty
Package: amsbsy 1999/11/29 v1.2d
\pmbraise@=\dimen105
)
(/usr/share/texlive/texmf-dist/tex/latex/amsmath/amsopn.sty
Package: amsopn 1999/12/14 v2.01 operator names
)
\inf@bad=\count89
LaTeX Info: Redefining \frac on input line 210.
\uproot@=\count90
\leftroot@=\count91
LaTeX Info: Redefining \overline on input line 306.
\classnum@=\count92
\DOTSCASE@=\count93
LaTeX Info: Redefining \ldots on input line 378.
LaTeX Info: Redefining \dots on input line 381.
LaTeX Info: Redefining \cdots on input line 466.
\Mathstrutbox@=\box26
\strutbox@=\box27
\big@size=\dimen106
LaTeX Font Info:    Redeclaring font encoding OML on input line 566.
LaTeX Font Info:    Redeclaring font encoding OMS on input line 567.
\macc@depth=\count94
\c@MaxMatrixCols=\count95
\dotsspace@=\muskip10
\c@parentequation=\count96
\dspbrk@lvl=\count97
\tag@help=\toks15
\row@=\count98
\column@=\count99
\maxfields@=\count100
\andhelp@=\toks16
\eqnshift@=\dimen107
\alignsep@=\dimen108
\tagshift@=\dimen109
\tagwidth@=\dimen110
\totwidth@=\dimen111
\lineht@=\dimen112
\@envbody=\toks17
\multlinegap=\skip44
\multlinetaggap=\skip45
\mathdisplay@stack=\toks18
LaTeX Info: Redefining \[ on input line 2665.
LaTeX Info: Redefining \] on input line 2666.
)
(/usr/share/texlive/texmf-dist/tex/latex/amsfonts/amsfonts.sty
Package: amsfonts 2013/01/14 v3.01 Basic AMSFonts support
\symAMSa=\mathgroup4
\symAMSb=\mathgroup5
LaTeX Font Info:    Overwriting math alphabet `\mathfrak' in version `bold'
(Font)                  U/euf/m/n --> U/euf/b/n on input line 106.
)
(/usr/share/texlive/texmf-dist/tex/latex/amsfonts/amssymb.sty
Package: amssymb 2013/01/14 v3.01 AMS font symbols
)
(/usr/share/texlive/texmf-dist/tex/latex/psnfss/mathptmx.sty
Package: mathptmx 2005/04/12 PSNFSS-v9.2a Times w/ Math, improved (SPQR, WaS) 
LaTeX Font Info:    Redeclaring symbol font `operators' on input line 28.
LaTeX Font Info:    Overwriting symbol font `operators' in version `normal'
(Font)                  OT1/cmr/m/n --> OT1/ztmcm/m/n on input line 28.
LaTeX Font Info:    Overwriting symbol font `operators' in version `bold'
(Font)                  OT1/cmr/bx/n --> OT1/ztmcm/m/n on input line 28.
LaTeX Font Info:    Redeclaring symbol font `letters' on input line 29.
LaTeX Font Info:    Overwriting symbol font `letters' in version `normal'
(Font)                  OML/cmm/m/it --> OML/ztmcm/m/it on input line 29.
LaTeX Font Info:    Overwriting symbol font `letters' in version `bold'
(Font)                  OML/cmm/b/it --> OML/ztmcm/m/it on input line 29.
LaTeX Font Info:    Redeclaring symbol font `symbols' on input line 30.
LaTeX Font Info:    Overwriting symbol font `symbols' in version `normal'
(Font)                  OMS/cmsy/m/n --> OMS/ztmcm/m/n on input line 30.
LaTeX Font Info:    Overwriting symbol font `symbols' in version `bold'
(Font)                  OMS/cmsy/b/n --> OMS/ztmcm/m/n on input line 30.
LaTeX Font Info:    Redeclaring symbol font `largesymbols' on input line 31.
LaTeX Font Info:    Overwriting symbol font `largesymbols' in version `normal'
(Font)                  OMX/cmex/m/n --> OMX/ztmcm/m/n on input line 31.
LaTeX Font Info:    Overwriting symbol font `largesymbols' in version `bold'
(Font)                  OMX/cmex/m/n --> OMX/ztmcm/m/n on input line 31.
\symbold=\mathgroup6
\symitalic=\mathgroup7
LaTeX Font Info:    Redeclaring math alphabet \mathbf on input line 34.
LaTeX Font Info:    Overwriting math alphabet `\mathbf' in version `normal'
(Font)                  OT1/cmr/bx/n --> OT1/ptm/bx/n on input line 34.
LaTeX Font Info:    Overwriting math alphabet `\mathbf' in version `bold'
(Font)                  OT1/cmr/bx/n --> OT1/ptm/bx/n on input line 34.
LaTeX Font Info:    Redeclaring math alphabet \mathit on input line 35.
LaTeX Font Info:    Overwriting math alphabet `\mathit' in version `normal'
(Font)                  OT1/cmr/m/it --> OT1/ptm/m/it on input line 35.
LaTeX Font Info:    Overwriting math alphabet `\mathit' in version `bold'
(Font)                  OT1/cmr/bx/it --> OT1/ptm/m/it on input line 35.
LaTeX Info: Redefining \hbar on input line 50.
)
(/usr/share/texlive/texmf-dist/tex/latex/fancyhdr/fancyhdr.sty
\fancy@headwidth=\skip46
\f@ncyO@elh=\skip47
\f@ncyO@erh=\skip48
\f@ncyO@olh=\skip49
\f@ncyO@orh=\skip50
\f@ncyO@elf=\skip51
\f@ncyO@erf=\skip52
\f@ncyO@olf=\skip53
\f@ncyO@orf=\skip54
)
(/usr/share/texlive/texmf-dist/tex/latex/graphics/graphicx.sty
Package: graphicx 2014/10/28 v1.0g Enhanced LaTeX Graphics (DPC,SPQR)

(/usr/share/texlive/texmf-dist/tex/latex/graphics/keyval.sty
Package: keyval 2014/10/28 v1.15 key=value parser (DPC)
\KV@toks@=\toks19
)
(/usr/share/texlive/texmf-dist/tex/latex/graphics/graphics.sty
Package: graphics 2014/10/28 v1.0p Standard LaTeX Graphics (DPC,SPQR)

(/usr/share/texlive/texmf-dist/tex/latex/graphics/trig.sty
Package: trig 1999/03/16 v1.09 sin cos tan (DPC)
)
(/usr/share/texlive/texmf-dist/tex/latex/latexconfig/graphics.cfg
File: graphics.cfg 2010/04/23 v1.9 graphics configuration of TeX Live
)
Package graphics Info: Driver file: pdftex.def on input line 94.

(/usr/share/texlive/texmf-dist/tex/latex/pdftex-def/pdftex.def
File: pdftex.def 2011/05/27 v0.06d Graphics/color for pdfTeX

(/usr/share/texlive/texmf-dist/tex/generic/oberdiek/infwarerr.sty
Package: infwarerr 2010/04/08 v1.3 Providing info/warning/error messages (HO)
)
(/usr/share/texlive/texmf-dist/tex/generic/oberdiek/ltxcmds.sty
Package: ltxcmds 2011/11/09 v1.22 LaTeX kernel commands for general use (HO)
)
\Gread@gobject=\count101
))
\Gin@req@height=\dimen113
\Gin@req@width=\dimen114
)
(/usr/share/texlive/texmf-dist/tex/latex/tools/array.sty
Package: array 2014/10/28 v2.4c Tabular extension package (FMi)
\col@sep=\dimen115
\extrarowheight=\dimen116
\NC@list=\toks20
\extratabsurround=\skip55
\backup@length=\skip56
)
(/usr/share/texlive/texmf-dist/tex/latex/wrapfig/wrapfig.sty
\wrapoverhang=\dimen117
\WF@size=\dimen118
\c@WF@wrappedlines=\count102
\WF@box=\box28
\WF@everypar=\toks21
Package: wrapfig 2003/01/31  v 3.6
)
(/usr/share/texlive/texmf-dist/tex/latex/geometry/geometry.sty
Package: geometry 2010/09/12 v5.6 Page Geometry

(/usr/share/texlive/texmf-dist/tex/generic/oberdiek/ifpdf.sty
Package: ifpdf 2011/01/30 v2.3 Provides the ifpdf switch (HO)
Package ifpdf Info: pdfTeX in PDF mode is detected.
)
(/usr/share/texlive/texmf-dist/tex/generic/oberdiek/ifvtex.sty
Package: ifvtex 2010/03/01 v1.5 Detect VTeX and its facilities (HO)
Package ifvtex Info: VTeX not detected.
)
(/usr/share/texlive/texmf-dist/tex/generic/ifxetex/ifxetex.sty
Package: ifxetex 2010/09/12 v0.6 Provides ifxetex conditional
)
\Gm@cnth=\count103
\Gm@cntv=\count104
\c@Gm@tempcnt=\count105
\Gm@bindingoffset=\dimen119
\Gm@wd@mp=\dimen120
\Gm@odd@mp=\dimen121
\Gm@even@mp=\dimen122
\Gm@layoutwidth=\dimen123
\Gm@layoutheight=\dimen124
\Gm@layouthoffset=\dimen125
\Gm@layoutvoffset=\dimen126
\Gm@dimlist=\toks22
)
(/usr/share/texlive/texmf-dist/tex/latex/xcolor/xcolor.sty
Package: xcolor 2007/01/21 v2.11 LaTeX color extensions (UK)

(/usr/share/texlive/texmf-dist/tex/latex/latexconfig/color.cfg
File: color.cfg 2007/01/18 v1.5 color configuration of teTeX/TeXLive
)
Package xcolor Info: Driver file: pdftex.def on input line 225.

(/usr/share/texlive/texmf-dist/tex/latex/colortbl/colortbl.sty
Package: colortbl 2012/02/13 v1.0a Color table columns (DPC)
\everycr=\toks23
\minrowclearance=\skip57
)
\rownum=\count106
Package xcolor Info: Model `cmy' substituted by `cmy0' on input line 1337.
Package xcolor Info: Model `hsb' substituted by `rgb' on input line 1341.
Package xcolor Info: Model `RGB' extended on input line 1353.
Package xcolor Info: Model `HTML' substituted by `rgb' on input line 1355.
Package xcolor Info: Model `Hsb' substituted by `hsb' on input line 1356.
Package xcolor Info: Model `tHsb' substituted by `hsb' on input line 1357.
Package xcolor Info: Model `HSB' substituted by `hsb' on input line 1358.
Package xcolor Info: Model `Gray' substituted by `gray' on input line 1359.
Package xcolor Info: Model `wave' substituted by `hsb' on input line 1360.
)
(/usr/share/texlive/texmf-dist/tex/latex/pgf/frontendlayer/tikz.sty
(/usr/share/texlive/texmf-dist/tex/latex/pgf/basiclayer/pgf.sty
(/usr/share/texlive/texmf-dist/tex/latex/pgf/utilities/pgfrcs.sty
(/usr/share/texlive/texmf-dist/tex/generic/pgf/utilities/pgfutil-common.tex
\pgfutil@everybye=\toks24
\pgfutil@tempdima=\dimen127
\pgfutil@tempdimb=\dimen128

(/usr/share/texlive/texmf-dist/tex/generic/pgf/utilities/pgfutil-common-lists.t
ex)) (/usr/share/texlive/texmf-dist/tex/generic/pgf/utilities/pgfutil-latex.def
\pgfutil@abb=\box29
(/usr/share/texlive/texmf-dist/tex/latex/ms/everyshi.sty
Package: everyshi 2001/05/15 v3.00 EveryShipout Package (MS)
))
(/usr/share/texlive/texmf-dist/tex/generic/pgf/utilities/pgfrcs.code.tex
Package: pgfrcs 2013/12/20 v3.0.0 (rcs-revision 1.28)
))
Package: pgf 2013/12/18 v3.0.0 (rcs-revision 1.14)

(/usr/share/texlive/texmf-dist/tex/latex/pgf/basiclayer/pgfcore.sty
(/usr/share/texlive/texmf-dist/tex/latex/pgf/systemlayer/pgfsys.sty
(/usr/share/texlive/texmf-dist/tex/generic/pgf/systemlayer/pgfsys.code.tex
Package: pgfsys 2013/11/30 v3.0.0 (rcs-revision 1.47)

(/usr/share/texlive/texmf-dist/tex/generic/pgf/utilities/pgfkeys.code.tex
\pgfkeys@pathtoks=\toks25
\pgfkeys@temptoks=\toks26

(/usr/share/texlive/texmf-dist/tex/generic/pgf/utilities/pgfkeysfiltered.code.t
ex
\pgfkeys@tmptoks=\toks27
))
\pgf@x=\dimen129
\pgf@y=\dimen130
\pgf@xa=\dimen131
\pgf@ya=\dimen132
\pgf@xb=\dimen133
\pgf@yb=\dimen134
\pgf@xc=\dimen135
\pgf@yc=\dimen136
\w@pgf@writea=\write3
\r@pgf@reada=\read1
\c@pgf@counta=\count107
\c@pgf@countb=\count108
\c@pgf@countc=\count109
\c@pgf@countd=\count110
\t@pgf@toka=\toks28
\t@pgf@tokb=\toks29
\t@pgf@tokc=\toks30
 (/usr/share/texlive/texmf-dist/tex/generic/pgf/systemlayer/pgf.cfg
File: pgf.cfg 2008/05/14  (rcs-revision 1.7)
)
Driver file for pgf: pgfsys-pdftex.def

(/usr/share/texlive/texmf-dist/tex/generic/pgf/systemlayer/pgfsys-pdftex.def
File: pgfsys-pdftex.def 2013/07/18  (rcs-revision 1.33)

(/usr/share/texlive/texmf-dist/tex/generic/pgf/systemlayer/pgfsys-common-pdf.de
f
File: pgfsys-common-pdf.def 2013/10/10  (rcs-revision 1.13)
)))
(/usr/share/texlive/texmf-dist/tex/generic/pgf/systemlayer/pgfsyssoftpath.code.
tex
File: pgfsyssoftpath.code.tex 2013/09/09  (rcs-revision 1.9)
\pgfsyssoftpath@smallbuffer@items=\count111
\pgfsyssoftpath@bigbuffer@items=\count112
)
(/usr/share/texlive/texmf-dist/tex/generic/pgf/systemlayer/pgfsysprotocol.code.
tex
File: pgfsysprotocol.code.tex 2006/10/16  (rcs-revision 1.4)
))
(/usr/share/texlive/texmf-dist/tex/generic/pgf/basiclayer/pgfcore.code.tex
Package: pgfcore 2010/04/11 v3.0.0 (rcs-revision 1.7)

(/usr/share/texlive/texmf-dist/tex/generic/pgf/math/pgfmath.code.tex
(/usr/share/texlive/texmf-dist/tex/generic/pgf/math/pgfmathcalc.code.tex
(/usr/share/texlive/texmf-dist/tex/generic/pgf/math/pgfmathutil.code.tex)
(/usr/share/texlive/texmf-dist/tex/generic/pgf/math/pgfmathparser.code.tex
\pgfmath@dimen=\dimen137
\pgfmath@count=\count113
\pgfmath@box=\box30
\pgfmath@toks=\toks31
\pgfmath@stack@operand=\toks32
\pgfmath@stack@operation=\toks33
)
(/usr/share/texlive/texmf-dist/tex/generic/pgf/math/pgfmathfunctions.code.tex
(/usr/share/texlive/texmf-dist/tex/generic/pgf/math/pgfmathfunctions.basic.code
.tex)
(/usr/share/texlive/texmf-dist/tex/generic/pgf/math/pgfmathfunctions.trigonomet
ric.code.tex)
(/usr/share/texlive/texmf-dist/tex/generic/pgf/math/pgfmathfunctions.random.cod
e.tex)
(/usr/share/texlive/texmf-dist/tex/generic/pgf/math/pgfmathfunctions.comparison
.code.tex)
(/usr/share/texlive/texmf-dist/tex/generic/pgf/math/pgfmathfunctions.base.code.
tex)
(/usr/share/texlive/texmf-dist/tex/generic/pgf/math/pgfmathfunctions.round.code
.tex)
(/usr/share/texlive/texmf-dist/tex/generic/pgf/math/pgfmathfunctions.misc.code.
tex)
(/usr/share/texlive/texmf-dist/tex/generic/pgf/math/pgfmathfunctions.integerari
thmetics.code.tex)))
(/usr/share/texlive/texmf-dist/tex/generic/pgf/math/pgfmathfloat.code.tex
\c@pgfmathroundto@lastzeros=\count114
))
(/usr/share/texlive/texmf-dist/tex/generic/pgf/basiclayer/pgfcorepoints.code.te
x
File: pgfcorepoints.code.tex 2013/10/07  (rcs-revision 1.27)
\pgf@picminx=\dimen138
\pgf@picmaxx=\dimen139
\pgf@picminy=\dimen140
\pgf@picmaxy=\dimen141
\pgf@pathminx=\dimen142
\pgf@pathmaxx=\dimen143
\pgf@pathminy=\dimen144
\pgf@pathmaxy=\dimen145
\pgf@xx=\dimen146
\pgf@xy=\dimen147
\pgf@yx=\dimen148
\pgf@yy=\dimen149
\pgf@zx=\dimen150
\pgf@zy=\dimen151
)
(/usr/share/texlive/texmf-dist/tex/generic/pgf/basiclayer/pgfcorepathconstruct.
code.tex
File: pgfcorepathconstruct.code.tex 2013/10/07  (rcs-revision 1.29)
\pgf@path@lastx=\dimen152
\pgf@path@lasty=\dimen153
)
(/usr/share/texlive/texmf-dist/tex/generic/pgf/basiclayer/pgfcorepathusage.code
.tex
File: pgfcorepathusage.code.tex 2013/12/13  (rcs-revision 1.23)
\pgf@shorten@end@additional=\dimen154
\pgf@shorten@start@additional=\dimen155
)
(/usr/share/texlive/texmf-dist/tex/generic/pgf/basiclayer/pgfcorescopes.code.te
x
File: pgfcorescopes.code.tex 2013/10/09  (rcs-revision 1.44)
\pgfpic=\box31
\pgf@hbox=\box32
\pgf@layerbox@main=\box33
\pgf@picture@serial@count=\count115
)
(/usr/share/texlive/texmf-dist/tex/generic/pgf/basiclayer/pgfcoregraphicstate.c
ode.tex
File: pgfcoregraphicstate.code.tex 2013/09/19  (rcs-revision 1.11)
\pgflinewidth=\dimen156
)
(/usr/share/texlive/texmf-dist/tex/generic/pgf/basiclayer/pgfcoretransformation
s.code.tex
File: pgfcoretransformations.code.tex 2013/10/10  (rcs-revision 1.17)
\pgf@pt@x=\dimen157
\pgf@pt@y=\dimen158
\pgf@pt@temp=\dimen159
)
(/usr/share/texlive/texmf-dist/tex/generic/pgf/basiclayer/pgfcorequick.code.tex
File: pgfcorequick.code.tex 2008/10/09  (rcs-revision 1.3)
)
(/usr/share/texlive/texmf-dist/tex/generic/pgf/basiclayer/pgfcoreobjects.code.t
ex
File: pgfcoreobjects.code.tex 2006/10/11  (rcs-revision 1.2)
)
(/usr/share/texlive/texmf-dist/tex/generic/pgf/basiclayer/pgfcorepathprocessing
.code.tex
File: pgfcorepathprocessing.code.tex 2013/09/09  (rcs-revision 1.9)
)
(/usr/share/texlive/texmf-dist/tex/generic/pgf/basiclayer/pgfcorearrows.code.te
x
File: pgfcorearrows.code.tex 2013/11/07  (rcs-revision 1.40)
\pgfarrowsep=\dimen160
)
(/usr/share/texlive/texmf-dist/tex/generic/pgf/basiclayer/pgfcoreshade.code.tex
File: pgfcoreshade.code.tex 2013/07/15  (rcs-revision 1.15)
\pgf@max=\dimen161
\pgf@sys@shading@range@num=\count116
)
(/usr/share/texlive/texmf-dist/tex/generic/pgf/basiclayer/pgfcoreimage.code.tex
File: pgfcoreimage.code.tex 2013/07/15  (rcs-revision 1.18)

(/usr/share/texlive/texmf-dist/tex/generic/pgf/basiclayer/pgfcoreexternal.code.
tex
File: pgfcoreexternal.code.tex 2013/07/15  (rcs-revision 1.20)
\pgfexternal@startupbox=\box34
))
(/usr/share/texlive/texmf-dist/tex/generic/pgf/basiclayer/pgfcorelayers.code.te
x
File: pgfcorelayers.code.tex 2013/07/18  (rcs-revision 1.7)
)
(/usr/share/texlive/texmf-dist/tex/generic/pgf/basiclayer/pgfcoretransparency.c
ode.tex
File: pgfcoretransparency.code.tex 2013/09/30  (rcs-revision 1.5)
)
(/usr/share/texlive/texmf-dist/tex/generic/pgf/basiclayer/pgfcorepatterns.code.
tex
File: pgfcorepatterns.code.tex 2013/11/07  (rcs-revision 1.5)
)))
(/usr/share/texlive/texmf-dist/tex/generic/pgf/modules/pgfmoduleshapes.code.tex
File: pgfmoduleshapes.code.tex 2013/10/31  (rcs-revision 1.34)
\pgfnodeparttextbox=\box35
) (/usr/share/texlive/texmf-dist/tex/generic/pgf/modules/pgfmoduleplot.code.tex
File: pgfmoduleplot.code.tex 2013/07/31  (rcs-revision 1.12)
)
(/usr/share/texlive/texmf-dist/tex/latex/pgf/compatibility/pgfcomp-version-0-65
.sty
Package: pgfcomp-version-0-65 2007/07/03 v3.0.0 (rcs-revision 1.7)
\pgf@nodesepstart=\dimen162
\pgf@nodesepend=\dimen163
)
(/usr/share/texlive/texmf-dist/tex/latex/pgf/compatibility/pgfcomp-version-1-18
.sty
Package: pgfcomp-version-1-18 2007/07/23 v3.0.0 (rcs-revision 1.1)
)) (/usr/share/texlive/texmf-dist/tex/latex/pgf/utilities/pgffor.sty
(/usr/share/texlive/texmf-dist/tex/latex/pgf/utilities/pgfkeys.sty
(/usr/share/texlive/texmf-dist/tex/generic/pgf/utilities/pgfkeys.code.tex))
(/usr/share/texlive/texmf-dist/tex/latex/pgf/math/pgfmath.sty
(/usr/share/texlive/texmf-dist/tex/generic/pgf/math/pgfmath.code.tex))
(/usr/share/texlive/texmf-dist/tex/generic/pgf/utilities/pgffor.code.tex
Package: pgffor 2013/12/13 v3.0.0 (rcs-revision 1.25)

(/usr/share/texlive/texmf-dist/tex/generic/pgf/math/pgfmath.code.tex)
\pgffor@iter=\dimen164
\pgffor@skip=\dimen165
\pgffor@stack=\toks34
\pgffor@toks=\toks35
))
(/usr/share/texlive/texmf-dist/tex/generic/pgf/frontendlayer/tikz/tikz.code.tex
Package: tikz 2013/12/13 v3.0.0 (rcs-revision 1.142)

(/usr/share/texlive/texmf-dist/tex/generic/pgf/libraries/pgflibraryplothandlers
.code.tex
File: pgflibraryplothandlers.code.tex 2013/08/31 v3.0.0 (rcs-revision 1.20)
\pgf@plot@mark@count=\count117
\pgfplotmarksize=\dimen166
)
\tikz@lastx=\dimen167
\tikz@lasty=\dimen168
\tikz@lastxsaved=\dimen169
\tikz@lastysaved=\dimen170
\tikzleveldistance=\dimen171
\tikzsiblingdistance=\dimen172
\tikz@figbox=\box36
\tikz@figbox@bg=\box37
\tikz@tempbox=\box38
\tikz@tempbox@bg=\box39
\tikztreelevel=\count118
\tikznumberofchildren=\count119
\tikznumberofcurrentchild=\count120
\tikz@fig@count=\count121

(/usr/share/texlive/texmf-dist/tex/generic/pgf/modules/pgfmodulematrix.code.tex
File: pgfmodulematrix.code.tex 2013/09/17  (rcs-revision 1.8)
\pgfmatrixcurrentrow=\count122
\pgfmatrixcurrentcolumn=\count123
\pgf@matrix@numberofcolumns=\count124
)
\tikz@expandcount=\count125

(/usr/share/texlive/texmf-dist/tex/generic/pgf/frontendlayer/tikz/libraries/tik
zlibrarytopaths.code.tex
File: tikzlibrarytopaths.code.tex 2008/06/17 v3.0.0 (rcs-revision 1.2)
)))
(/usr/share/texlive/texmf-dist/tex/generic/pgf/frontendlayer/tikz/libraries/tik
zlibrarycalc.code.tex
File: tikzlibrarycalc.code.tex 2013/07/15 v3.0.0 (rcs-revision 1.9)
)
(/usr/share/texlive/texmf-dist/tex/latex/eso-pic/eso-pic.sty
Package: eso-pic 2015/04/20 v2.0e eso-pic (RN)

(/usr/share/texlive/texmf-dist/tex/generic/oberdiek/atbegshi.sty
Package: atbegshi 2011/10/05 v1.16 At begin shipout hook (HO)
))
(/usr/share/texlive/texmf-dist/tex/latex/titlesec/titlesec.sty
Package: titlesec 2011/12/15 v2.10.0 Sectioning titles
\ttl@box=\box40
\beforetitleunit=\skip58
\aftertitleunit=\skip59
\ttl@plus=\dimen173
\ttl@minus=\dimen174
\ttl@toksa=\toks36
\titlewidth=\dimen175
\titlewidthlast=\dimen176
\titlewidthfirst=\dimen177
)
(/usr/share/texlive/texmf-dist/tex/latex/titlesec/block.tss
File: block.tss 2011/12/15
)
(/usr/share/texlive/texmf-dist/tex/latex/blindtext/blindtext.sty
Package: blindtext 2012/01/06 V2.0 blindtext-Package

(/usr/share/texlive/texmf-dist/tex/latex/tools/xspace.sty
Package: xspace 2014/10/28 v1.13 Space after command names (DPC,MH)
)
\c@blindtext=\count126
\c@Blindtext=\count127
\c@blind@countparstart=\count128
\blind@countxx=\count129
\blindtext@numBlindtext=\count130
\blind@countyy=\count131
\c@blindlist=\count132
\c@blindlistlevel=\count133
\c@blindlist@level=\count134
\blind@listitem=\count135
\c@blind@listcount=\count136
\c@blind@levelcount=\count137
\blind@mathformula=\count138
\blind@Mathformula=\count139
\c@blind@randomcount=\count140
\c@blind@randommax=\count141
\c@blind@pangramcount=\count142
\c@blind@pangrammax=\count143
)
(/usr/share/texlive/texmf-dist/tex/latex/tocloft/tocloft.sty
Package: tocloft 2013/05/02 v2.3f parameterised ToC, etc., typesetting
Package tocloft Info: The document has chapter divisions on input line 44.
\cftparskip=\skip60
\cftbeforetoctitleskip=\skip61
\cftaftertoctitleskip=\skip62
\cftbeforepartskip=\skip63
\cftpartnumwidth=\skip64
\cftpartindent=\skip65
\cftbeforechapskip=\skip66
\cftchapindent=\skip67
\cftchapnumwidth=\skip68
\cftbeforesecskip=\skip69
\cftsecindent=\skip70
\cftsecnumwidth=\skip71
\cftbeforesubsecskip=\skip72
\cftsubsecindent=\skip73
\cftsubsecnumwidth=\skip74
\cftbeforesubsubsecskip=\skip75
\cftsubsubsecindent=\skip76
\cftsubsubsecnumwidth=\skip77
\cftbeforeparaskip=\skip78
\cftparaindent=\skip79
\cftparanumwidth=\skip80
\cftbeforesubparaskip=\skip81
\cftsubparaindent=\skip82
\cftsubparanumwidth=\skip83
\cftbeforeloftitleskip=\skip84
\cftafterloftitleskip=\skip85
\cftbeforefigskip=\skip86
\cftfigindent=\skip87
\cftfignumwidth=\skip88
\c@lofdepth=\count144
\c@lotdepth=\count145
\cftbeforelottitleskip=\skip89
\cftafterlottitleskip=\skip90
\cftbeforetabskip=\skip91
\cfttabindent=\skip92
\cfttabnumwidth=\skip93
)
(/usr/share/texlive/texmf-dist/tex/latex/hyperref/hyperref.sty
Package: hyperref 2012/11/06 v6.83m Hypertext links for LaTeX

(/usr/share/texlive/texmf-dist/tex/generic/oberdiek/hobsub-hyperref.sty
Package: hobsub-hyperref 2012/05/28 v1.13 Bundle oberdiek, subset hyperref (HO)


(/usr/share/texlive/texmf-dist/tex/generic/oberdiek/hobsub-generic.sty
Package: hobsub-generic 2012/05/28 v1.13 Bundle oberdiek, subset generic (HO)
Package: hobsub 2012/05/28 v1.13 Construct package bundles (HO)
Package hobsub Info: Skipping package `infwarerr' (already loaded).
Package hobsub Info: Skipping package `ltxcmds' (already loaded).
Package: ifluatex 2010/03/01 v1.3 Provides the ifluatex switch (HO)
Package ifluatex Info: LuaTeX not detected.
Package hobsub Info: Skipping package `ifvtex' (already loaded).
Package: intcalc 2007/09/27 v1.1 Expandable calculations with integers (HO)
Package hobsub Info: Skipping package `ifpdf' (already loaded).
Package: etexcmds 2011/02/16 v1.5 Avoid name clashes with e-TeX commands (HO)
Package etexcmds Info: Could not find \expanded.
(etexcmds)             That can mean that you are not using pdfTeX 1.50 or
(etexcmds)             that some package has redefined \expanded.
(etexcmds)             In the latter case, load this package earlier.
Package: kvsetkeys 2012/04/25 v1.16 Key value parser (HO)
Package: kvdefinekeys 2011/04/07 v1.3 Define keys (HO)
Package: pdftexcmds 2011/11/29 v0.20 Utility functions of pdfTeX for LuaTeX (HO
)
Package pdftexcmds Info: LuaTeX not detected.
Package pdftexcmds Info: \pdf@primitive is available.
Package pdftexcmds Info: \pdf@ifprimitive is available.
Package pdftexcmds Info: \pdfdraftmode found.
Package: pdfescape 2011/11/25 v1.13 Implements pdfTeX's escape features (HO)
Package: bigintcalc 2012/04/08 v1.3 Expandable calculations on big integers (HO
)
Package: bitset 2011/01/30 v1.1 Handle bit-vector datatype (HO)
Package: uniquecounter 2011/01/30 v1.2 Provide unlimited unique counter (HO)
)
Package hobsub Info: Skipping package `hobsub' (already loaded).
Package: letltxmacro 2010/09/02 v1.4 Let assignment for LaTeX macros (HO)
Package: hopatch 2012/05/28 v1.2 Wrapper for package hooks (HO)
Package: xcolor-patch 2011/01/30 xcolor patch
Package: atveryend 2011/06/30 v1.8 Hooks at the very end of document (HO)
Package atveryend Info: \enddocument detected (standard20110627).
Package hobsub Info: Skipping package `atbegshi' (already loaded).
Package: refcount 2011/10/16 v3.4 Data extraction from label references (HO)
Package: hycolor 2011/01/30 v1.7 Color options for hyperref/bookmark (HO)
)
(/usr/share/texlive/texmf-dist/tex/latex/oberdiek/auxhook.sty
Package: auxhook 2011/03/04 v1.3 Hooks for auxiliary files (HO)
)
(/usr/share/texlive/texmf-dist/tex/latex/oberdiek/kvoptions.sty
Package: kvoptions 2011/06/30 v3.11 Key value format for package options (HO)
)
\@linkdim=\dimen178
\Hy@linkcounter=\count146
\Hy@pagecounter=\count147

(/usr/share/texlive/texmf-dist/tex/latex/hyperref/pd1enc.def
File: pd1enc.def 2012/11/06 v6.83m Hyperref: PDFDocEncoding definition (HO)
)
\Hy@SavedSpaceFactor=\count148

(/usr/share/texlive/texmf-dist/tex/latex/latexconfig/hyperref.cfg
File: hyperref.cfg 2002/06/06 v1.2 hyperref configuration of TeXLive
)
Package hyperref Info: Option `final' set `true' on input line 4319.
Package hyperref Info: Hyper figures OFF on input line 4443.
Package hyperref Info: Link nesting OFF on input line 4448.
Package hyperref Info: Hyper index ON on input line 4451.
Package hyperref Info: Plain pages OFF on input line 4458.
Package hyperref Info: Backreferencing OFF on input line 4463.
Package hyperref Info: Implicit mode ON; LaTeX internals redefined.
Package hyperref Info: Bookmarks ON on input line 4688.
\c@Hy@tempcnt=\count149

(/usr/share/texlive/texmf-dist/tex/latex/url/url.sty
\Urlmuskip=\muskip11
Package: url 2013/09/16  ver 3.4  Verb mode for urls, etc.
)
LaTeX Info: Redefining \url on input line 5041.
\XeTeXLinkMargin=\dimen179
\Fld@menulength=\count150
\Field@Width=\dimen180
\Fld@charsize=\dimen181
Package hyperref Info: Hyper figures OFF on input line 6295.
Package hyperref Info: Link nesting OFF on input line 6300.
Package hyperref Info: Hyper index ON on input line 6303.
Package hyperref Info: backreferencing OFF on input line 6310.
Package hyperref Info: Link coloring OFF on input line 6315.
Package hyperref Info: Link coloring with OCG OFF on input line 6320.
Package hyperref Info: PDF/A mode OFF on input line 6325.
LaTeX Info: Redefining \ref on input line 6365.
LaTeX Info: Redefining \pageref on input line 6369.
\Hy@abspage=\count151
\c@Item=\count152
\c@Hfootnote=\count153
)

Package hyperref Message: Driver (autodetected): hpdftex.

(/usr/share/texlive/texmf-dist/tex/latex/hyperref/hpdftex.def
File: hpdftex.def 2012/11/06 v6.83m Hyperref driver for pdfTeX
\Fld@listcount=\count154
\c@bookmark@seq@number=\count155

(/usr/share/texlive/texmf-dist/tex/latex/oberdiek/rerunfilecheck.sty
Package: rerunfilecheck 2011/04/15 v1.7 Rerun checks for auxiliary files (HO)
Package uniquecounter Info: New unique counter `rerunfilecheck' on input line 2
82.
)
\Hy@SectionHShift=\skip94
)
Package hyperref Info: Option `colorlinks' set `true' on input line 83.

(./second_sem.aux)
\openout1 = `second_sem.aux'.

LaTeX Font Info:    Checking defaults for OML/cmm/m/it on input line 85.
LaTeX Font Info:    ... okay on input line 85.
LaTeX Font Info:    Checking defaults for T1/cmr/m/n on input line 85.
LaTeX Font Info:    ... okay on input line 85.
LaTeX Font Info:    Checking defaults for OT1/cmr/m/n on input line 85.
LaTeX Font Info:    ... okay on input line 85.
LaTeX Font Info:    Checking defaults for OMS/cmsy/m/n on input line 85.
LaTeX Font Info:    ... okay on input line 85.
LaTeX Font Info:    Checking defaults for OMX/cmex/m/n on input line 85.
LaTeX Font Info:    ... okay on input line 85.
LaTeX Font Info:    Checking defaults for U/cmr/m/n on input line 85.
LaTeX Font Info:    ... okay on input line 85.
LaTeX Font Info:    Checking defaults for PD1/pdf/m/n on input line 85.
LaTeX Font Info:    ... okay on input line 85.
LaTeX Font Info:    Try loading font information for OT1+ptm on input line 85.
 (/usr/share/texlive/texmf-dist/tex/latex/psnfss/ot1ptm.fd
File: ot1ptm.fd 2001/06/04 font definitions for OT1/ptm.
)
(/usr/share/texlive/texmf-dist/tex/context/base/supp-pdf.mkii
[Loading MPS to PDF converter (version 2006.09.02).]
\scratchcounter=\count156
\scratchdimen=\dimen182
\scratchbox=\box41
\nofMPsegments=\count157
\nofMParguments=\count158
\everyMPshowfont=\toks37
\MPscratchCnt=\count159
\MPscratchDim=\dimen183
\MPnumerator=\count160
\makeMPintoPDFobject=\count161
\everyMPtoPDFconversion=\toks38
) (/usr/share/texlive/texmf-dist/tex/latex/oberdiek/epstopdf-base.sty
Package: epstopdf-base 2010/02/09 v2.5 Base part for package epstopdf

(/usr/share/texlive/texmf-dist/tex/latex/oberdiek/grfext.sty
Package: grfext 2010/08/19 v1.1 Manage graphics extensions (HO)
)
Package grfext Info: Graphics extension search list:
(grfext)             [.png,.pdf,.jpg,.mps,.jpeg,.jbig2,.jb2,.PNG,.PDF,.JPG,.JPE
G,.JBIG2,.JB2,.eps]
(grfext)             \AppendGraphicsExtensions on input line 452.

(/usr/share/texlive/texmf-dist/tex/latex/latexconfig/epstopdf-sys.cfg
File: epstopdf-sys.cfg 2010/07/13 v1.3 Configuration of (r)epstopdf for TeX Liv
e
))
*geometry* driver: auto-detecting
*geometry* detected driver: pdftex
*geometry* verbose mode - [ preamble ] result:
* driver: pdftex
* paper: a4paper
* layout: <same size as paper>
* layoutoffset:(h,v)=(0.0pt,0.0pt)
* modes: 
* h-part:(L,W,R)=(54.06006pt, 489.38776pt, 54.06006pt)
* v-part:(T,H,B)=(48.36958pt, 756.84358pt, 39.83368pt)
* \paperwidth=597.50787pt
* \paperheight=845.04684pt
* \textwidth=489.38776pt
* \textheight=756.84358pt
* \oddsidemargin=-18.20993pt
* \evensidemargin=-18.20993pt
* \topmargin=-60.9004pt
* \headheight=12.0pt
* \headsep=25.0pt
* \topskip=12.0pt
* \footskip=21.6808pt
* \marginparwidth=56.9055pt
* \marginparsep=5.69054pt
* \columnsep=10.0pt
* \skip\footins=10.8pt plus 4.0pt minus 2.0pt
* \hoffset=0.0pt
* \voffset=0.0pt
* \mag=1000
* \@twocolumnfalse
* \@twosidefalse
* \@mparswitchfalse
* \@reversemarginfalse
* (1in=72.27pt=25.4mm, 1cm=28.453pt)

ABD: EveryShipout initializing macros
\AtBeginShipoutBox=\box42
Package hyperref Info: Link coloring ON on input line 85.

(/usr/share/texlive/texmf-dist/tex/latex/hyperref/nameref.sty
Package: nameref 2012/10/27 v2.43 Cross-referencing by name of section

(/usr/share/texlive/texmf-dist/tex/generic/oberdiek/gettitlestring.sty
Package: gettitlestring 2010/12/03 v1.4 Cleanup title references (HO)
)
\c@section@level=\count162
)
LaTeX Info: Redefining \ref on input line 85.
LaTeX Info: Redefining \pageref on input line 85.
LaTeX Info: Redefining \nameref on input line 85.

(./second_sem.out) (./second_sem.out)
\@outlinefile=\write4
\openout4 = `second_sem.out'.

LaTeX Font Info:    Font shape `OT1/ptm/bx/n' in size <17.28> not available
(Font)              Font shape `OT1/ptm/b/n' tried instead on input line 95.
LaTeX Font Info:    Font shape `OT1/ptm/bx/n' in size <14.4> not available
(Font)              Font shape `OT1/ptm/b/n' tried instead on input line 108.

<Images/collegelogo.png, id=427, 85.2786pt x 107.4414pt>
File: Images/collegelogo.png Graphic file (type png)

<use Images/collegelogo.png>
Package pdftex.def Info: Images/collegelogo.png used on input line 128.
(pdftex.def)             Requested size: 85.36295pt x 113.81355pt.
LaTeX Font Info:    Font shape `OT1/ptm/bx/n' in size <12> not available
(Font)              Font shape `OT1/ptm/b/n' tried instead on input line 137.
 [1

{/var/lib/texmf/fonts/map/pdftex/updmap/pdftex.map} <./Images/collegelogo.png>]
File: Images/collegelogo.png Graphic file (type png)
 <use Images/collegelogo.png>
Package pdftex.def Info: Images/collegelogo.png used on input line 152.
(pdftex.def)             Requested size: 56.90602pt x 71.13286pt.
LaTeX Font Info:    Try loading font information for OT1+ztmcm on input line 20
3.

(/usr/share/texlive/texmf-dist/tex/latex/psnfss/ot1ztmcm.fd
File: ot1ztmcm.fd 2000/01/03 Fontinst v1.801 font definitions for OT1/ztmcm.
)
LaTeX Font Info:    Try loading font information for OML+ztmcm on input line 20
3.

(/usr/share/texlive/texmf-dist/tex/latex/psnfss/omlztmcm.fd
File: omlztmcm.fd 2000/01/03 Fontinst v1.801 font definitions for OML/ztmcm.
)
LaTeX Font Info:    Try loading font information for OMS+ztmcm on input line 20
3.

(/usr/share/texlive/texmf-dist/tex/latex/psnfss/omsztmcm.fd
File: omsztmcm.fd 2000/01/03 Fontinst v1.801 font definitions for OMS/ztmcm.
)
LaTeX Font Info:    Try loading font information for OMX+ztmcm on input line 20
3.

(/usr/share/texlive/texmf-dist/tex/latex/psnfss/omxztmcm.fd
File: omxztmcm.fd 2000/01/03 Fontinst v1.801 font definitions for OMX/ztmcm.
)
LaTeX Font Info:    Font shape `OT1/ptm/bx/n' in size <9> not available
(Font)              Font shape `OT1/ptm/b/n' tried instead on input line 203.
LaTeX Font Info:    Font shape `OT1/ptm/bx/n' in size <7> not available
(Font)              Font shape `OT1/ptm/b/n' tried instead on input line 203.
 [2] [3]
LaTeX Font Info:    Font shape `OT1/ptm/bx/n' in size <24.88> not available
(Font)              Font shape `OT1/ptm/b/n' tried instead on input line 262.

Underfull \hbox (badness 10000) in paragraph at lines 266--267

 []


Underfull \hbox (badness 10000) in paragraph at lines 268--269

 []


Underfull \hbox (badness 10000) in paragraph at lines 270--271

 []


Underfull \hbox (badness 10000) in paragraph at lines 272--273

 []

[1

] (./second_sem.tocpdfTeX warning (ext4): destination with the same identifier 
(name{page.}) has been already used, duplicate ignored
<to be read again> 
                   \relax 
l.40 ...dware Resources Required}{16}{section.4.6}
                                                   [1

])
\tf@toc=\write5
\openout5 = `second_sem.toc'.

pdfTeX warning (ext4): destination with the same identifier (name{page.}) has b
een already used, duplicate ignored
<to be read again> 
                   \relax 
l.290 \newpage
               [2]
Missing character: There is no ‚ in font ptmr7t!
Missing character: There is no Ä in font ptmr7t!
Missing character: There is no ù in font ptmr7t!
Missing character: There is no ‚ in font ptmr7t!
Missing character: There is no Ä in font ptmr7t!
Missing character: There is no ù in font ptmr7t!
Missing character: There is no ‚ in font ptmr7t!
Missing character: There is no Ä in font ptmr7t!
Missing character: There is no ô in font ptmr7t!
 [1

] (./second_sem.lof)
\tf@lof=\write6
\openout6 = `second_sem.lof'.

 [2] (./second_sem.lot)
\tf@lot=\write7
\openout7 = `second_sem.lot'.

 [3] [4

]
Chapter 1.
pdfTeX warning (ext4): destination with the same identifier (name{page.1}) has 
been already used, duplicate ignored
<to be read again> 
                   \relax 
l.373 \newpage
               [1

]
LaTeX Font Info:    Font shape `OT1/ptm/bx/n' in size <16> not available
(Font)              Font shape `OT1/ptm/b/n' tried instead on input line 374.


Package Fancyhdr Warning: \headheight is too small (12.0pt): 
 Make it at least 14.49998pt.
 We now make it that large for the rest of the document.
 This may cause the page layout to be inconsistent, however.

pdfTeX warning (ext4): destination with the same identifier (name{page.2}) has 
been already used, duplicate ignored
<to be read again> 
                   \relax 
l.443 
       [2]
Missing character: There is no ‚ in font ptmr7t!
Missing character: There is no Ä in font ptmr7t!
Missing character: There is no ù in font ptmr7t!
Missing character: There is no ‚ in font ptmr7t!
Missing character: There is no Ä in font ptmr7t!
Missing character: There is no ù in font ptmr7t!
Missing character: There is no ‚ in font ptmr7t!
Missing character: There is no Ä in font ptmr7t!
Missing character: There is no ô in font ptmr7t!
pdfTeX warning (ext4): destination with the same identifier (name{page.3}) has 
been already used, duplicate ignored
<to be read again> 
                   \relax 
l.473 \newpage
               [3]
LaTeX Font Info:    Try loading font information for OMS+ptm on input line 476.

 (/usr/share/texlive/texmf-dist/tex/latex/psnfss/omsptm.fd
File: omsptm.fd 
)
LaTeX Font Info:    Font shape `OMS/ptm/m/n' in size <12> not available
(Font)              Font shape `OMS/cmsy/m/n' tried instead on input line 476.

[4] [5]
Chapter 2.
[6

] [7]
Chapter 3.
[8

]
LaTeX Font Info:    Font shape `OT1/ptm/bx/n' in size <14> not available
(Font)              Font shape `OT1/ptm/b/n' tried instead on input line 644.

Overfull \hbox (3.99724pt too wide) in paragraph at lines 647--648
[]\OT1/ptm/m/n/12 Software De-fined Net-work-ing[1][2][3] is a new and promis-i
ng ap-proach that in-tro-duces pro-gramma-
 []

[9] [10] [11] [12]
Chapter 4.
[13

] [14]
Underfull \hbox (badness 10000) in paragraph at lines 790--791

 []

Missing character: There is no ‚ in font ptmr7t!
Missing character: There is no Ä in font ptmr7t!
Missing character: There is no ú in font ptmr7t!
Missing character: There is no ‚ in font ptmr7t!
Missing character: There is no Ä in font ptmr7t!
Missing character: There is no ù in font ptmr7t!
[15] [16]
Chapter 5.
[17

] [18]
Chapter 6.
[19

] [20]
Underfull \hbox (badness 10000) in paragraph at lines 969--969
[]|\OT1/ptm/b/n/12 Sr.
 []


Underfull \hbox (badness 10000) in paragraph at lines 971--971
[]|\OT1/ptm/m/n/12 DDoS No-ti-fi-ca-
 []


Underfull \hbox (badness 10000) in paragraph at lines 971--971
\OT1/ptm/m/n/12 the three al-go-rithms
 []


Underfull \hbox (badness 3302) in paragraph at lines 971--971
\OT1/ptm/m/n/12 i.e. Sup-port Vec-tor
 []


Underfull \hbox (badness 10000) in paragraph at lines 971--971
\OT1/ptm/m/n/12 Ma-chine, En-tropy
 []


Underfull \hbox (badness 10000) in paragraph at lines 971--971
\OT1/ptm/m/n/12 based dis-cretiza-tion
 []


Underfull \hbox (badness 10000) in paragraph at lines 971--971
\OT1/ptm/m/n/12 and Fuzzy C-Means
 []


Underfull \hbox (badness 10000) in paragraph at lines 971--971
[]|\OT1/ptm/m/n/12 Network Ad-min-is-
 []


Underfull \hbox (badness 10000) in paragraph at lines 971--972
[]|\OT1/ptm/m/n/12 SDN is es-tab-lished
 []


Underfull \hbox (badness 10000) in paragraph at lines 971--972
\OT1/ptm/m/n/12 within the en-vi-ron-
 []


Underfull \hbox (badness 10000) in paragraph at lines 971--972
\OT1/ptm/m/n/12 is launched on the
 []


Underfull \hbox (badness 10000) in paragraph at lines 973--973
[]|\OT1/ptm/m/n/12 Network Mon-i-
 []


Underfull \hbox (badness 10000) in paragraph at lines 973--973
[]|\OT1/ptm/m/n/12 Monitoring the net-
 []


Underfull \hbox (badness 10000) in paragraph at lines 973--973
\OT1/ptm/m/n/12 work statis-tics for
 []


Underfull \hbox (badness 10000) in paragraph at lines 973--973
\OT1/ptm/m/n/12 any anoma-lies us-ing
 []


Underfull \hbox (badness 10000) in paragraph at lines 973--973
\OT1/ptm/m/n/12 sFlow, Elas-tic-Search
 []


Underfull \hbox (badness 10000) in paragraph at lines 973--974
[]|\OT1/ptm/m/n/12 The link be-tween
 []


Underfull \hbox (badness 10000) in paragraph at lines 973--974
\OT1/ptm/m/n/12 switches and the
 []


Underfull \hbox (badness 4846) in paragraph at lines 973--974
\OT1/ptm/m/n/12 mon-i-tor-ing sys-tem is
 []


Overfull \hbox (14.02989pt too wide) in paragraph at lines 967--976
 [] 
 []

<Images/use_case.png, id=776, 558.085pt x 436.63126pt>
File: Images/use_case.png Graphic file (type png)

<use Images/use_case.png>
Package pdftex.def Info: Images/use_case.png used on input line 983.
(pdftex.def)             Requested size: 279.04182pt x 218.3151pt.
 [21 <./Images/use_case.png>] [22]
<Images/dataflow0.png, id=793, 618.31pt x 302.12875pt>
File: Images/dataflow0.png Graphic file (type png)

<use Images/dataflow0.png>
Package pdftex.def Info: Images/dataflow0.png used on input line 1031.
(pdftex.def)             Requested size: 370.98886pt x 181.27864pt.

<Images/dataflow1.png, id=794, 1335.99126pt x 422.57875pt>
File: Images/dataflow1.png Graphic file (type png)

<use Images/dataflow1.png>
Package pdftex.def Info: Images/dataflow1.png used on input line 1041.
(pdftex.def)             Requested size: 534.38704pt x 169.0285pt.

Overfull \hbox (44.99928pt too wide) in paragraph at lines 1041--1042
 [] 
 []

[23 <./Images/dataflow0.png> <./Images/dataflow1.png>]
<Images/activity.png, id=803, 945.5325pt x 513.92pt>
File: Images/activity.png Graphic file (type png)
 <use Images/activity.png>
Package pdftex.def Info: Images/activity.png used on input line 1051.
(pdftex.def)             Requested size: 472.76509pt x 256.95937pt.

[24 <./Images/activity.png>]
<Images/state.png, id=816, 729.72626pt x 357.335pt>
File: Images/state.png Graphic file (type png)
 <use Images/state.png>
Package pdftex.def Info: Images/state.png used on input line 1099.
(pdftex.def)             Requested size: 437.83914pt x 214.40265pt.

[25 <./Images/state.png>]
Chapter 7.
[26

] <Images/architecture.png, id=828, 736.7525pt x 472.76625pt>
File: Images/architecture.png Graphic file (type png)

<use Images/architecture.png>
Package pdftex.def Info: Images/architecture.png used on input line 1123.
(pdftex.def)             Requested size: 442.05492pt x 283.66193pt.
 [27 <./Images/architecture.png>]
Underfull \hbox (badness 10000) in paragraph at lines 1157--1159

 []


LaTeX Warning: `h' float specifier changed to `ht'.

[28]
Underfull \hbox (badness 10000) in paragraph at lines 1232--1234

 []


Underfull \hbox (badness 10000) in paragraph at lines 1269--1271

 []

[29]
Overfull \hbox (30.0728pt too wide) in paragraph at lines 1273--1277
\OML/ztmcm/m/it/12 cookie \OT1/ztmcm/m/n/12 = 0\OML/ztmcm/m/it/12 x\OT1/ztmcm/m
/n/12 0\OML/ztmcm/m/it/12 ; duration \OT1/ztmcm/m/n/12 = 240\OML/ztmcm/m/it/12 
:\OT1/ztmcm/m/n/12 478\OML/ztmcm/m/it/12 s; table \OT1/ztmcm/m/n/12 = 0\OML/ztm
cm/m/it/12 ; n[]packets \OT1/ztmcm/m/n/12 = 21975265\OML/ztmcm/m/it/12 ; n[]byt
es \OT1/ztmcm/m/n/12 = 2153575970\OML/ztmcm/m/it/12 ; idle[]timeout \OT1/ztmcm/
m/n/12 =
 []


Underfull \hbox (badness 10000) in paragraph at lines 1273--1277

 []

[30]
Chapter 8.
[31

] [32]
Chapter 9.
[33

]
Underfull \hbox (badness 10000) in paragraph at lines 1363--1363
[]|\OT1/ptm/b/n/12 Expected
 []


Underfull \hbox (badness 10000) in paragraph at lines 1363--1364
[]|\OT1/ptm/b/n/12 Generated
 []


Underfull \hbox (badness 7203) in paragraph at lines 1366--1366
[]|\OT1/ptm/m/n/12 Alert gen-er-a-
 []


Underfull \hbox (badness 10000) in paragraph at lines 1366--1367
[]|\OT1/ptm/m/n/12 Alert Gen-er-
 []


Underfull \hbox (badness 1728) in paragraph at lines 1369--1369
\OT1/ptm/m/n/12 ing in nor-mal
 []


Underfull \hbox (badness 10000) in paragraph at lines 1369--1370
[]|\OT1/ptm/m/n/12 Alert is not
 []


Underfull \hbox (badness 7203) in paragraph at lines 1372--1372
[]|\OT1/ptm/m/n/12 Alert gen-er-a-
 []


Underfull \hbox (badness 10000) in paragraph at lines 1372--1373
[]|\OT1/ptm/m/n/12 Alert Gen-er-
 []


Underfull \hbox (badness 1728) in paragraph at lines 1375--1375
\OT1/ptm/m/n/12 ing in nor-mal
 []


Underfull \hbox (badness 10000) in paragraph at lines 1375--1376
[]|\OT1/ptm/m/n/12 Alert is not
 []


Underfull \hbox (badness 7203) in paragraph at lines 1378--1378
[]|\OT1/ptm/m/n/12 Alert gen-er-a-
 []


Underfull \hbox (badness 10000) in paragraph at lines 1378--1379
[]|\OT1/ptm/m/n/12 Alert Gen-er-
 []


Underfull \hbox (badness 1728) in paragraph at lines 1381--1381
\OT1/ptm/m/n/12 ing in nor-mal
 []


Underfull \hbox (badness 10000) in paragraph at lines 1381--1382
[]|\OT1/ptm/m/n/12 Alert is not
 []


Underfull \hbox (badness 10000) in paragraph at lines 1361--1386
[][]
 []


Underfull \hbox (badness 10000) in paragraph at lines 1361--1386

 []


Underfull \hbox (badness 10000) in paragraph at lines 1392--1392
[]|\OT1/ptm/b/n/12 Expected
 []


Underfull \hbox (badness 10000) in paragraph at lines 1392--1393
[]|\OT1/ptm/b/n/12 Generated
 []


Underfull \hbox (badness 2318) in paragraph at lines 1395--1395
\OT1/ptm/m/n/12 ne-ously and at-tack
 []


Underfull \hbox (badness 4927) in paragraph at lines 1395--1395
[]|\OT1/ptm/m/n/12 Attack has oc-
 []


Underfull \hbox (badness 7203) in paragraph at lines 1395--1395
[]|\OT1/ptm/m/n/12 Alert gen-er-a-
 []


Underfull \hbox (badness 10000) in paragraph at lines 1395--1396
[]|\OT1/ptm/m/n/12 Alert Gen-er-
 []


Underfull \hbox (badness 10000) in paragraph at lines 1398--1399
[]|\OT1/ptm/m/n/12 Alert is not
 []


Underfull \hbox (badness 10000) in paragraph at lines 1390--1403
[][]
 []


Underfull \hbox (badness 10000) in paragraph at lines 1390--1403

 []

[34]
Underfull \hbox (badness 10000) in paragraph at lines 1409--1409
[]|\OT1/ptm/b/n/12 Expected
 []


Underfull \hbox (badness 10000) in paragraph at lines 1409--1410
[]|\OT1/ptm/b/n/12 Generated
 []


Underfull \hbox (badness 4927) in paragraph at lines 1412--1412
[]|\OT1/ptm/m/n/12 Attack has oc-
 []


Underfull \hbox (badness 10000) in paragraph at lines 1412--1412
[]|\OT1/ptm/m/n/12 Instantaneous
 []


Underfull \hbox (badness 10000) in paragraph at lines 1412--1412
\OT1/ptm/m/n/12 alert gen-er-a-
 []


Underfull \hbox (badness 10000) in paragraph at lines 1412--1413
[]|\OT1/ptm/m/n/12 Alert gen-er-
 []


Underfull \hbox (badness 1297) in paragraph at lines 1412--1413
\OT1/ptm/m/n/12 ated within 1
 []


Underfull \hbox (badness 10000) in paragraph at lines 1415--1415
[]|\OT1/ptm/m/n/12 Normal Net-work
 []


Underfull \hbox (badness 10000) in paragraph at lines 1415--1416
[]|\OT1/ptm/m/n/12 Alert is not
 []


Underfull \hbox (badness 10000) in paragraph at lines 1426--1426
[]|\OT1/ptm/b/n/12 Expected
 []


Underfull \hbox (badness 10000) in paragraph at lines 1426--1427
[]|\OT1/ptm/b/n/12 Generated
 []


Underfull \hbox (badness 4927) in paragraph at lines 1429--1429
[]|\OT1/ptm/m/n/12 Attack has oc-
 []


Underfull \hbox (badness 7203) in paragraph at lines 1429--1429
[]|\OT1/ptm/m/n/12 Alert gen-er-a-
 []


Underfull \hbox (badness 10000) in paragraph at lines 1429--1430
[]|\OT1/ptm/m/n/12 Alert Gen-er-
 []


Underfull \hbox (badness 10000) in paragraph at lines 1424--1434
[][]
 []


Underfull \hbox (badness 10000) in paragraph at lines 1424--1434

 []


Underfull \hbox (badness 10000) in paragraph at lines 1440--1440
[]|\OT1/ptm/b/n/12 Expected
 []


Underfull \hbox (badness 10000) in paragraph at lines 1440--1441
[]|\OT1/ptm/b/n/12 Generated
 []


Underfull \hbox (badness 10000) in paragraph at lines 1443--1443
[]|\OT1/ptm/m/n/12 Normal Net-work
 []


Underfull \hbox (badness 10000) in paragraph at lines 1443--1444
[]|\OT1/ptm/m/n/12 Alert is not
 []

[35]
Chapter 10.
[36

] [37]
Chapter 11.
[38

] [39]
Chapter 12.
[40

] [41]
Chapter 13.
[42

]
Underfull \hbox (badness 10000) in paragraph at lines 1568--1572
[]\OT1/ptm/m/n/12 Rishikesh Sa-hay, Gre-gory Blanc, Zonghua Zhang, Herve De-bar
, ``To-wards Au-
 []


Underfull \hbox (badness 10000) in paragraph at lines 1568--1572
\OT1/ptm/m/n/12 to-nomic DDoS Mit-i-ga-tion us-ing Soft-ware De-fined Net-work-
ing", Feb 2015,
 []


Underfull \hbox (badness 10000) in paragraph at lines 1568--1572
\OT1/ptm/m/n/12 http://www.internetsociety.org/doc/towards-autonomic-DDoS-mitig
ation-using-software-defined-
 []

Missing character: There is no ‚ in font ptmr7t!
Missing character: There is no à in font ptmr7t!
Missing character: There is no ó in font ptmr7t!
[43]
Missing character: There is no √ in font ptmr7t!
Missing character: There is no © in font ptmr7t!
Missing character: There is no √ in font ptmr7t!
Missing character: There is no ≠ in font ptmr7t!
 [44]
Chapter 14.
[45

]
Underfull \hbox (badness 2538) in paragraph at lines 1723--1724
[]|\OT1/ptm/m/n/12 The sys-tem will \OT1/ptm/b/n/12 de-pict \OT1/ptm/m/n/12 ap-
pro-pri-ately
 []

[46] [47] [48]
Underfull \hbox (badness 10000) in paragraph at lines 1851--1854

 []

[49]
Underfull \hbox (badness 10000) in paragraph at lines 1900--1907

 []


Underfull \hbox (badness 10000) in paragraph at lines 1965--1971

 []


Underfull \hbox (badness 10000) in paragraph at lines 1965--1971

 []

[50]
Underfull \hbox (badness 10000) in paragraph at lines 1981--1983

 []


Underfull \hbox (badness 10000) in paragraph at lines 1987--1990

 []


Underfull \hbox (badness 10000) in paragraph at lines 2003--2005

 []


Underfull \hbox (badness 10000) in paragraph at lines 2008--2010

 []


Underfull \hbox (badness 10000) in paragraph at lines 2011--2013

 []

[51]
Underfull \hbox (badness 10000) in paragraph at lines 2017--2021

 []


Underfull \hbox (badness 10000) in paragraph at lines 2021--2025

 []

[52]
Underfull \hbox (badness 10000) in paragraph at lines 2066--2069

 []


Underfull \hbox (badness 10000) in paragraph at lines 2069--2074

 []


Underfull \hbox (badness 10000) in paragraph at lines 2069--2074

 []

[53]
Underfull \hbox (badness 10000) in paragraph at lines 2099--2107

 []

[54]
Chapter 15.
[55

]
Underfull \hbox (badness 10000) in paragraph at lines 2130--2131

 []


Underfull \hbox (badness 10000) in paragraph at lines 2132--2133

 []


Underfull \hbox (badness 10000) in paragraph at lines 2134--2135

 []

<Images/functionalDependency.png, id=1052, 467.7475pt x 161.60374pt>
File: Images/functionalDependency.png Graphic file (type png)

<use Images/functionalDependency.png>
Package pdftex.def Info: Images/functionalDependency.png used on input line 215
4.
(pdftex.def)             Requested size: 233.87317pt x 80.80167pt.
 [56 <./Images/functionalDependency.png>]
File: Images/use_case.png Graphic file (type png)

<use Images/use_case.png>
Package pdftex.def Info: Images/use_case.png used on input line 2161.
(pdftex.def)             Requested size: 279.04182pt x 218.3151pt.
File: Images/state.png Graphic file (type png)
 <use Images/state.png>
Package pdftex.def Info: Images/state.png used on input line 2165.
(pdftex.def)             Requested size: 364.86224pt x 178.66705pt.
File: Images/activity.png Graphic file (type png)
 <use Images/activity.png>
Package pdftex.def Info: Images/activity.png used on input line 2172.
(pdftex.def)             Requested size: 472.76509pt x 256.95937pt.

<Images/sequence.png, id=1063, 700.6175pt x 541.02126pt>
File: Images/sequence.png Graphic file (type png)

<use Images/sequence.png>
Package pdftex.def Info: Images/sequence.png used on input line 2176.
(pdftex.def)             Requested size: 350.30789pt x 270.50996pt.
File: Images/dataflow0.png Graphic file (type png)
 <use Images/dataflow0.png>
Package pdftex.def Info: Images/dataflow0.png used on input line 2183.
(pdftex.def)             Requested size: 309.15424pt x 151.064pt.
File: Images/dataflow1.png Graphic file (type png)

<use Images/dataflow1.png>
Package pdftex.def Info: Images/dataflow1.png used on input line 2187.
(pdftex.def)             Requested size: 534.38704pt x 169.0285pt.

Overfull \hbox (44.99928pt too wide) in paragraph at lines 2187--2188
 [][] 
 []

[57] [58 <./Images/sequence.png>] [59]
Chapter 16.
[60

] <Images/gantchart.png, id=1082, 1428.33624pt x 374.39874pt>
File: Images/gantchart.png Graphic file (type png)

<use Images/gantchart.png>
Package pdftex.def Info: Images/gantchart.png used on input line 2210.
(pdftex.def)             Requested size: 512.15196pt x 227.6231pt.

Overfull \hbox (22.7642pt too wide) in paragraph at lines 2210--2211
[][] 
 []


Underfull \hbox (badness 5374) in paragraph at lines 2227--2227
[]|\OT1/ptm/m/n/12 Project Re-port Sub-mis-sion
 []


Underfull \hbox (badness 7133) in paragraph at lines 2228--2228
[]|\OT1/ptm/m/n/12 Discussion about Plat-form
 []

[61 <./Images/gantchart.png (PNG copy)>]
Chapter 17.
[62

] [63]
Chapter 18.
[64

] [65]
Chapter 19.
[66

]
Underfull \hbox (badness 10000) in paragraph at lines 2324--2326

 []


Underfull \hbox (badness 10000) in paragraph at lines 2342--2344

 []

[67]
Chapter 20.
[68

] <Images/achyuth.png, id=1126, 619.31375pt x 516.93124pt>
File: Images/achyuth.png Graphic file (type png)

<use Images/achyuth.png>
Package pdftex.def Info: Images/achyuth.png used on input line 2372.
(pdftex.def)             Requested size: 60.0pt x 50.07916pt.
 <Images/akib.png, id=1127, 471.7625pt x 418.56375pt>
File: Images/akib.png Graphic file (type png)

<use Images/akib.png>
Package pdftex.def Info: Images/akib.png used on input line 2388.
(pdftex.def)             Requested size: 60.0pt x 53.23364pt.
 [69 <./Images/achyuth.png> <./Images/akib.png>]
<Images/arun.jpg, id=1151, 1417.295pt x 1577.895pt>
File: Images/arun.jpg Graphic file (type jpg)
 <use Images/arun.jpg>
Package pdftex.def Info: Images/arun.jpg used on input line 2404.
(pdftex.def)             Requested size: 60.0pt x 66.78879pt.

<Images/pranav.png, id=1152, 659.46375pt x 686.565pt>
File: Images/pranav.png Graphic file (type png)
 <use Images/pranav.png>
Package pdftex.def Info: Images/pranav.png used on input line 2420.
(pdftex.def)             Requested size: 60.0pt x 62.45865pt.

[70 <./Images/arun.jpg> <./Images/pranav.png>]
Package atveryend Info: Empty hook `BeforeClearDocument' on input line 2434.
Package atveryend Info: Empty hook `AfterLastShipout' on input line 2434.
 (./second_sem.aux)
Package atveryend Info: Executing hook `AtVeryEndDocument' on input line 2434.
Package atveryend Info: Executing hook `AtEndAfterFileList' on input line 2434.



Package rerunfilecheck Warning: File `second_sem.out' has changed.
(rerunfilecheck)                Rerun to get outlines right
(rerunfilecheck)                or use package `bookmark'.

Package rerunfilecheck Info: Checksums for `second_sem.out':
(rerunfilecheck)             Before: 79BAA435F735DFA5132F2032138544EC;6901
(rerunfilecheck)             After:  B7F8644C7D7D6EE9F812C1F3596D1214;7219.
Package atveryend Info: Empty hook `AtVeryVeryEnd' on input line 2434.
 )
(\end occurred inside a group at level 5)

### simple group (level 5) entered at line 1809 ({)
### simple group (level 4) entered at line 1802 ({)
### simple group (level 3) entered at line 1795 ({)
### simple group (level 2) entered at line 1781 ({)
### simple group (level 1) entered at line 1769 ({)
### bottom level 
Here is how much of TeX's memory you used:
 18496 strings out of 493085
 332163 string characters out of 6136917
 418748 words of memory out of 5000000
 21128 multiletter control sequences out of 15000+600000
 42661 words of font info for 88 fonts, out of 8000000 for 9000
 1141 hyphenation exceptions out of 8191
 55i,13n,54p,1018b,809s stack positions out of 5000i,500n,10000p,200000b,80000s
{/usr/share/texlive/texmf-dist/fonts/enc/dvips/base/8r.enc}</us
r/share/texlive/texmf-dist/fonts/type1/public/amsfonts/cm/cmex10.pfb></usr/shar
e/texlive/texmf-dist/fonts/type1/public/amsfonts/cm/cmmi10.pfb></usr/share/texl
ive/texmf-dist/fonts/type1/public/amsfonts/cm/cmr10.pfb></usr/share/texlive/tex
mf-dist/fonts/type1/public/amsfonts/cm/cmsy10.pfb></usr/share/texlive/texmf-dis
t/fonts/type1/public/rsfs/rsfs10.pfb></usr/share/texlive/texmf-dist/fonts/type1
/urw/symbol/usyr.pfb></usr/share/texlive/texmf-dist/fonts/type1/urw/symbol/usyr
.pfb></usr/share/texlive/texmf-dist/fonts/type1/urw/times/utmb8a.pfb></usr/shar
e/texlive/texmf-dist/fonts/type1/urw/times/utmr8a.pfb></usr/share/texlive/texmf
-dist/fonts/type1/urw/times/utmri8a.pfb>
Output written on second_sem.pdf (80 pages, 838479 bytes).
PDF statistics:
 1309 PDF objects out of 1440 (max. 8388607)
 1180 compressed objects within 12 object streams
 458 named destinations out of 1000 (max. 500000)
 923 words of extra memory for PDF output out of 10000 (max. 10000000)

