\BOOKMARK [0][-]{chapter*.2}{Abstract}{}% 1
\BOOKMARK [0][-]{chapter*.2}{List of Figures}{}% 2
\BOOKMARK [0][-]{chapter*.2}{List of Tables}{}% 3
\BOOKMARK [0][-]{chapter*.3}{List of Abbreviations}{}% 4
\BOOKMARK [0][-]{chapter.1}{Software Requirement Specification}{}% 5
\BOOKMARK [1][-]{section.1.1}{Purpose}{chapter.1}% 6
\BOOKMARK [1][-]{section.1.2}{Project Scope}{chapter.1}% 7
\BOOKMARK [1][-]{section.1.3}{Usage Scenario}{chapter.1}% 8
\BOOKMARK [2][-]{subsection.1.3.1}{User profiles}{section.1.3}% 9
\BOOKMARK [2][-]{subsection.1.3.2}{Use-cases}{section.1.3}% 10
\BOOKMARK [2][-]{subsection.1.3.3}{Use Case Diagram}{section.1.3}% 11
\BOOKMARK [1][-]{section.1.4}{Product Features}{chapter.1}% 12
\BOOKMARK [1][-]{section.1.5}{Functional Model and Description}{chapter.1}% 13
\BOOKMARK [2][-]{subsection.1.5.1}{Data Flow Diagram}{section.1.5}% 14
\BOOKMARK [2][-]{subsection.1.5.2}{Activity Diagram}{section.1.5}% 15
\BOOKMARK [2][-]{subsection.1.5.3}{Non Functional Requirements}{section.1.5}% 16
\BOOKMARK [2][-]{subsection.1.5.4}{State Diagram}{section.1.5}% 17
\BOOKMARK [0][-]{chapter.2}{Detailed Design Document}{}% 18
\BOOKMARK [1][-]{section.2.1}{Architectural Design}{chapter.2}% 19
\BOOKMARK [1][-]{section.2.2}{Data Design}{chapter.2}% 20
\BOOKMARK [2][-]{subsection.2.2.1}{Dataset Description}{section.2.2}% 21
\BOOKMARK [0][-]{chapter.3}{PICT}{}% 22
\BOOKMARK [1][-]{section.3.1}{PICT}{chapter.3}% 23
